0 verbose cli /home/hassam/.nvm/versions/node/v22.13.1/bin/node /home/hassam/.nvm/versions/node/v22.13.1/bin/npm
1 info using npm@11.1.0
2 info using node@v22.13.1
3 silly config load:file:/home/hassam/.nvm/versions/node/v22.13.1/lib/node_modules/npm/npmrc
4 silly config load:file:/var/www/html/one-million-checkboxes/.npmrc
5 silly config load:file:/home/hassam/.npmrc
6 silly config load:file:/home/hassam/.nvm/versions/node/v22.13.1/etc/npmrc
7 verbose title npm view @tailwindcss/vite description dist-tags.latest homepage version time
8 verbose argv "view" "--json" "--" "@tailwindcss/vite" "description" "dist-tags.latest" "homepage" "version" "time"
9 verbose logfile logs-max:10 dir:/var/www/html/one-million-checkboxes/.pnpm-cache/_logs/2025-03-09T23_33_45_554Z-
10 verbose logfile /var/www/html/one-million-checkboxes/.pnpm-cache/_logs/2025-03-09T23_33_45_554Z-debug-0.log
11 silly logfile done cleaning log files
12 http fetch GET 200 https://registry.npmjs.org/npm 1076ms
13 http fetch GET 200 https://registry.npmjs.org/@tailwindcss%2fvite 3181ms (cache miss)
14 verbose cwd /var/www/html/one-million-checkboxes
15 verbose os Linux 6.8.0-52-generic
16 verbose node v22.13.1
17 verbose npm  v11.1.0
18 notice
18 notice New minor version of npm available! 11.1.0 -> 11.2.0
18 notice Changelog: https://github.com/npm/cli/releases/tag/v11.2.0
18 notice To update run: npm install -g npm@11.2.0
18 notice  { force: true, [Symbol(proc-log.meta)]: true }
19 verbose exit 0
20 info ok
